This is XeTeX, Version 3.141592653-2.6-0.999995 (TeX Live 2023) (preloaded format=xelatex 2023.5.30)  7 JUN 2024 20:38
entering extended mode
 restricted \write18 enabled.
 file:line:error style messages enabled.
 %&-line parsing enabled.
**/Users/melvinchia/Downloads/2024_06_07_f484519cd4dc635602b3g/circle.tex
(/Users/melvinchia/Downloads/2024_06_07_f484519cd4dc635602b3g/circle.tex
LaTeX2e <2022-11-01> patch level 1
L3 programming layer <2023-02-22> (/usr/local/texlive/2023/texmf-dist/tex/latex/base/article.cls
Document Class: article 2022/07/02 v1.4n Standard LaTeX document class
(/usr/local/texlive/2023/texmf-dist/tex/latex/base/size10.clo
File: size10.clo 2022/07/02 v1.4n Standard LaTeX file (size option)
)
\c@part=\count181
\c@section=\count182
\c@subsection=\count183
\c@subsubsection=\count184
\c@paragraph=\count185
\c@subparagraph=\count186
\c@figure=\count187
\c@table=\count188
\abovecaptionskip=\skip48
\belowcaptionskip=\skip49
\bibindent=\dimen140
) (/usr/local/texlive/2023/texmf-dist/tex/latex/geometry/geometry.sty
Package: geometry 2020/01/02 v5.9 Page Geometry
 (/usr/local/texlive/2023/texmf-dist/tex/latex/graphics/keyval.sty
Package: keyval 2022/05/29 v1.15 key=value parser (DPC)
\KV@toks@=\toks16
) (/usr/local/texlive/2023/texmf-dist/tex/generic/iftex/ifvtex.sty
Package: ifvtex 2019/10/25 v1.7 ifvtex legacy package. Use iftex instead.
 (/usr/local/texlive/2023/texmf-dist/tex/generic/iftex/iftex.sty
Package: iftex 2022/02/03 v1.0f TeX engine tests
))
\Gm@cnth=\count189
\Gm@cntv=\count190
\c@Gm@tempcnt=\count191
\Gm@bindingoffset=\dimen141
\Gm@wd@mp=\dimen142
\Gm@odd@mp=\dimen143
\Gm@even@mp=\dimen144
\Gm@layoutwidth=\dimen145
\Gm@layoutheight=\dimen146
\Gm@layouthoffset=\dimen147
\Gm@layoutvoffset=\dimen148
\Gm@dimlist=\toks17
) (/usr/local/texlive/2023/texmf-dist/tex/latex/base/inputenc.sty
Package: inputenc 2021/02/14 v1.3d Input encoding file
\inpenc@prehook=\toks18
\inpenc@posthook=\toks19


Package inputenc Warning: inputenc package ignored with utf8 based engines.

) (/usr/local/texlive/2023/texmf-dist/tex/latex/amsmath/amsmath.sty
Package: amsmath 2022/04/08 v2.17n AMS math features
\@mathmargin=\skip50

For additional information on amsmath, use the `?' option.
(/usr/local/texlive/2023/texmf-dist/tex/latex/amsmath/amstext.sty
Package: amstext 2021/08/26 v2.01 AMS text
 (/usr/local/texlive/2023/texmf-dist/tex/latex/amsmath/amsgen.sty
File: amsgen.sty 1999/11/30 v2.0 generic functions
\@emptytoks=\toks20
\ex@=\dimen149
)) (/usr/local/texlive/2023/texmf-dist/tex/latex/amsmath/amsbsy.sty
Package: amsbsy 1999/11/29 v1.2d Bold Symbols
\pmbraise@=\dimen150
) (/usr/local/texlive/2023/texmf-dist/tex/latex/amsmath/amsopn.sty
Package: amsopn 2022/04/08 v2.04 operator names
)
\inf@bad=\count192
LaTeX Info: Redefining \frac on input line 234.
\uproot@=\count193
\leftroot@=\count194
LaTeX Info: Redefining \overline on input line 399.
LaTeX Info: Redefining \colon on input line 410.
\classnum@=\count195
\DOTSCASE@=\count196
LaTeX Info: Redefining \ldots on input line 496.
LaTeX Info: Redefining \dots on input line 499.
LaTeX Info: Redefining \cdots on input line 620.
\Mathstrutbox@=\box51
\strutbox@=\box52
LaTeX Info: Redefining \big on input line 722.
LaTeX Info: Redefining \Big on input line 723.
LaTeX Info: Redefining \bigg on input line 724.
LaTeX Info: Redefining \Bigg on input line 725.
\big@size=\dimen151
LaTeX Font Info:    Redeclaring font encoding OML on input line 743.
LaTeX Font Info:    Redeclaring font encoding OMS on input line 744.
\macc@depth=\count197
LaTeX Info: Redefining \bmod on input line 905.
LaTeX Info: Redefining \pmod on input line 910.
LaTeX Info: Redefining \smash on input line 940.
LaTeX Info: Redefining \relbar on input line 970.
LaTeX Info: Redefining \Relbar on input line 971.
\c@MaxMatrixCols=\count198
\dotsspace@=\muskip16
\c@parentequation=\count199
\dspbrk@lvl=\count266
\tag@help=\toks21
\row@=\count267
\column@=\count268
\maxfields@=\count269
\andhelp@=\toks22
\eqnshift@=\dimen152
\alignsep@=\dimen153
\tagshift@=\dimen154
\tagwidth@=\dimen155
\totwidth@=\dimen156
\lineht@=\dimen157
\@envbody=\toks23
\multlinegap=\skip51
\multlinetaggap=\skip52
\mathdisplay@stack=\toks24
LaTeX Info: Redefining \[ on input line 2953.
LaTeX Info: Redefining \] on input line 2954.
) (/usr/local/texlive/2023/texmf-dist/tex/latex/amsfonts/amsfonts.sty
Package: amsfonts 2013/01/14 v3.01 Basic AMSFonts support
\symAMSa=\mathgroup4
\symAMSb=\mathgroup5
LaTeX Font Info:    Redeclaring math symbol \hbar on input line 98.
LaTeX Font Info:    Overwriting math alphabet `\mathfrak' in version `bold'
(Font)                  U/euf/m/n --> U/euf/b/n on input line 106.
) (/usr/local/texlive/2023/texmf-dist/tex/latex/amsfonts/amssymb.sty
Package: amssymb 2013/01/14 v3.01 AMS font symbols
) (/usr/local/texlive/2023/texmf-dist/tex/latex/mhchem/mhchem.sty
Package: mhchem 2021/12/31 v4.09 for typesetting chemical formulae
 (/usr/local/texlive/2023/texmf-dist/tex/latex/l3kernel/expl3.sty
Package: expl3 2023-02-22 L3 programming layer (loader) 
 (/usr/local/texlive/2023/texmf-dist/tex/latex/l3backend/l3backend-xetex.def
File: l3backend-xetex.def 2023-01-16 L3 backend support: XeTeX
\g__graphics_track_int=\count270
\l__pdf_internal_box=\box53
\g__pdf_backend_object_int=\count271
\g__pdf_backend_annotation_int=\count272
\g__pdf_backend_link_int=\count273
)) (/usr/local/texlive/2023/texmf-dist/tex/latex/l3packages/l3keys2e/l3keys2e.sty
Package: l3keys2e 2023-02-02 LaTeX2e option processing using LaTeX3 keys
) (/usr/local/texlive/2023/texmf-dist/tex/latex/tools/calc.sty
Package: calc 2017/05/25 v4.3 Infix arithmetic (KKT,FJ)
\calc@Acount=\count274
\calc@Bcount=\count275
\calc@Adimen=\dimen158
\calc@Bdimen=\dimen159
\calc@Askip=\skip53
\calc@Bskip=\skip54
LaTeX Info: Redefining \setlength on input line 80.
LaTeX Info: Redefining \addtolength on input line 81.
\calc@Ccount=\count276
\calc@Cskip=\skip55
) (/usr/local/texlive/2023/texmf-dist/tex/latex/chemgreek/chemgreek.sty (/usr/local/texlive/2023/texmf-dist/tex/latex/l3packages/xparse/xparse.sty
Package: xparse 2023-02-02 L3 Experimental document command parser
)
Package: chemgreek 2020/01/16 v1.1a interface for upright Greek letters for use in chemistry (CN)
\l__chemgreek_tmpa_int=\count277
\g__chemgreek_tmpa_int=\count278
) (/usr/local/texlive/2023/texmf-dist/tex/latex/graphics/graphics.sty
Package: graphics 2022/03/10 v1.4e Standard LaTeX Graphics (DPC,SPQR)
 (/usr/local/texlive/2023/texmf-dist/tex/latex/graphics/trig.sty
Package: trig 2021/08/11 v1.11 sin cos tan (DPC)
) (/usr/local/texlive/2023/texmf-dist/tex/latex/graphics-cfg/graphics.cfg
File: graphics.cfg 2016/06/04 v1.11 sample graphics configuration
)
Package graphics Info: Driver file: xetex.def on input line 107.
 (/usr/local/texlive/2023/texmf-dist/tex/latex/graphics-def/xetex.def
File: xetex.def 2022/09/22 v5.0n Graphics/color driver for xetex
))
\l__mhchem_ce_distanceFromLastComma_int=\count279
\__mhchem_arrow_extPgfLength_skip=\skip56
\mhchem@minispace@tmp=\skip57
\mhchem@minibackspace@tmp=\skip58
\mhchem@bondwidth=\skip59
\mhchem@bondheight=\skip60
\mhchem@smallbondwidth@tmpA=\skip61
\mhchem@smallbondwidth@tmpB=\skip62
\mhchem@smallbondwidth=\skip63
\mhchem@bondtmp@minussidebearingleft=\skip64
\mhchem@bondtmp@minussidebearingright=\skip65
\l__mhchem_option_version_int=\count280
\mhchem@option@minusmathsidebearingleft=\dimen160
\mhchem@option@minusmathsidebearingright=\dimen161
\mhchem@option@minustextsidebearingleft=\dimen162
\mhchem@option@minustextsidebearingright=\dimen163
) (/usr/local/texlive/2023/texmf-dist/tex/latex/stmaryrd/stmaryrd.sty
Package: stmaryrd 1994/03/03 St Mary's Road symbol package
\symstmry=\mathgroup6
LaTeX Font Info:    Overwriting symbol font `stmry' in version `bold'
(Font)                  U/stmry/m/n --> U/stmry/b/n on input line 89.
) (/usr/local/texlive/2023/texmf-dist/tex/latex/graphics/graphicx.sty
Package: graphicx 2021/09/16 v1.2d Enhanced LaTeX Graphics (DPC,SPQR)
\Gin@req@height=\dimen164
\Gin@req@width=\dimen165
) (/usr/local/texlive/2023/texmf-dist/tex/latex/adjustbox/adjustbox.sty
Package: adjustbox 2022/10/17 v1.3a Adjusting TeX boxes (trim, clip, ...)
 (/usr/local/texlive/2023/texmf-dist/tex/latex/xkeyval/xkeyval.sty
Package: xkeyval 2022/06/16 v2.9 package option processing (HA)
 (/usr/local/texlive/2023/texmf-dist/tex/generic/xkeyval/xkeyval.tex (/usr/local/texlive/2023/texmf-dist/tex/generic/xkeyval/xkvutils.tex
\XKV@toks=\toks25
\XKV@tempa@toks=\toks26
)
\XKV@depth=\count281
File: xkeyval.tex 2014/12/03 v2.7a key=value parser (HA)
)) (/usr/local/texlive/2023/texmf-dist/tex/latex/adjustbox/adjcalc.sty
Package: adjcalc 2012/05/16 v1.1 Provides advanced setlength with multiple back-ends (calc, etex, pgfmath)
) (/usr/local/texlive/2023/texmf-dist/tex/latex/adjustbox/trimclip.sty
Package: trimclip 2020/08/19 v1.2 Trim and clip general TeX material
 (/usr/local/texlive/2023/texmf-dist/tex/latex/collectbox/collectbox.sty
Package: collectbox 2022/10/17 v0.4c Collect macro arguments as boxes
\collectedbox=\box54
)
\tc@llx=\dimen166
\tc@lly=\dimen167
\tc@urx=\dimen168
\tc@ury=\dimen169
Package trimclip Info: Using driver 'tc-xetex.def'.
 (/usr/local/texlive/2023/texmf-dist/tex/latex/adjustbox/tc-xetex.def
File: tc-xetex.def 2019/01/04 v2.2 Clipping driver for xetex
))
\adjbox@Width=\dimen170
\adjbox@Height=\dimen171
\adjbox@Depth=\dimen172
\adjbox@Totalheight=\dimen173
\adjbox@pwidth=\dimen174
\adjbox@pheight=\dimen175
\adjbox@pdepth=\dimen176
\adjbox@ptotalheight=\dimen177
 (/usr/local/texlive/2023/texmf-dist/tex/latex/ifoddpage/ifoddpage.sty
Package: ifoddpage 2022/10/18 v1.2 Conditionals for odd/even page detection
\c@checkoddpage=\count282
) (/usr/local/texlive/2023/texmf-dist/tex/latex/varwidth/varwidth.sty
Package: varwidth 2009/03/30 ver 0.92;  Variable-width minipages
\@vwid@box=\box55
\sift@deathcycles=\count283
\@vwid@loff=\dimen178
\@vwid@roff=\dimen179
)) (/usr/local/texlive/2023/texmf-dist/tex/xelatex/xecjk/xeCJK.sty
Package: xeCJK 2022/08/05 v3.9.1 Typesetting CJK scripts with XeLaTeX
 (/usr/local/texlive/2023/texmf-dist/tex/latex/ctex/ctexhook.sty
Package: ctexhook 2022/07/14 v2.5.10 Document and package hooks (CTEX)
) (/usr/local/texlive/2023/texmf-dist/tex/latex/l3packages/xtemplate/xtemplate.sty
Package: xtemplate 2023-02-02 L3 Experimental prototype document functions
\l__xtemplate_tmp_dim=\dimen180
\l__xtemplate_tmp_int=\count284
\l__xtemplate_tmp_muskip=\muskip17
\l__xtemplate_tmp_skip=\skip66
)
\l__xeCJK_tmp_int=\count285
\l__xeCJK_tmp_box=\box56
\l__xeCJK_tmp_dim=\dimen181
\l__xeCJK_tmp_skip=\skip67
\g__xeCJK_space_factor_int=\count286
\l__xeCJK_begin_int=\count287
\l__xeCJK_end_int=\count288
\c__xeCJK_CJK_class_int=\XeTeXcharclass1
\c__xeCJK_FullLeft_class_int=\XeTeXcharclass2
\c__xeCJK_FullRight_class_int=\XeTeXcharclass3
\c__xeCJK_HalfLeft_class_int=\XeTeXcharclass4
\c__xeCJK_HalfRight_class_int=\XeTeXcharclass5
\c__xeCJK_NormalSpace_class_int=\XeTeXcharclass6
\c__xeCJK_CM_class_int=\XeTeXcharclass7
\c__xeCJK_HangulJamo_class_int=\XeTeXcharclass8
\l__xeCJK_last_skip=\skip68
\c__xeCJK_none_node=\count289
\g__xeCJK_node_int=\count290
\c__xeCJK_CJK_node_dim=\dimen182
\c__xeCJK_CJK-space_node_dim=\dimen183
\c__xeCJK_default_node_dim=\dimen184
\c__xeCJK_CJK-widow_node_dim=\dimen185
\c__xeCJK_normalspace_node_dim=\dimen186
\c__xeCJK_default-space_node_skip=\skip69
\l__xeCJK_ccglue_skip=\skip70
\l__xeCJK_ecglue_skip=\skip71
\l__xeCJK_punct_kern_skip=\skip72
\l__xeCJK_indent_box=\box57
\l__xeCJK_last_penalty_int=\count291
\l__xeCJK_last_bound_dim=\dimen187
\l__xeCJK_last_kern_dim=\dimen188
\l__xeCJK_widow_penalty_int=\count292

Package xtemplate Info: Declaring object type 'xeCJK/punctuation' taking 0
(xtemplate)             argument(s) on line 2396.

\l__xeCJK_fixed_punct_width_dim=\dimen189
\l__xeCJK_mixed_punct_width_dim=\dimen190
\l__xeCJK_middle_punct_width_dim=\dimen191
\l__xeCJK_fixed_margin_width_dim=\dimen192
\l__xeCJK_mixed_margin_width_dim=\dimen193
\l__xeCJK_middle_margin_width_dim=\dimen194
\l__xeCJK_bound_punct_width_dim=\dimen195
\l__xeCJK_bound_margin_width_dim=\dimen196
\l__xeCJK_margin_minimum_dim=\dimen197
\l__xeCJK_kerning_total_width_dim=\dimen198
\l__xeCJK_same_align_margin_dim=\dimen199
\l__xeCJK_different_align_margin_dim=\dimen256
\l__xeCJK_kerning_margin_width_dim=\dimen257
\l__xeCJK_kerning_margin_minimum_dim=\dimen258
\l__xeCJK_bound_dim=\dimen259
\l__xeCJK_reverse_bound_dim=\dimen260
\l__xeCJK_margin_dim=\dimen261
\l__xeCJK_minimum_bound_dim=\dimen262
\l__xeCJK_kerning_margin_dim=\dimen263
\g__xeCJK_family_int=\count293
\l__xeCJK_fam_int=\count294
\g__xeCJK_fam_allocation_int=\count295
\l__xeCJK_verb_case_int=\count296
\l__xeCJK_verb_exspace_skip=\skip73
 (/usr/local/texlive/2023/texmf-dist/tex/latex/fontspec/fontspec.sty
Package: fontspec 2022/01/15 v2.8a Font selection for XeLaTeX and LuaLaTeX
 (/usr/local/texlive/2023/texmf-dist/tex/latex/fontspec/fontspec-xetex.sty
Package: fontspec-xetex 2022/01/15 v2.8a Font selection for XeLaTeX and LuaLaTeX
\l__fontspec_script_int=\count297
\l__fontspec_language_int=\count298
\l__fontspec_strnum_int=\count299
\l__fontspec_tmp_int=\count300
\l__fontspec_tmpa_int=\count301
\l__fontspec_tmpb_int=\count302
\l__fontspec_tmpc_int=\count303
\l__fontspec_em_int=\count304
\l__fontspec_emdef_int=\count305
\l__fontspec_strong_int=\count306
\l__fontspec_strongdef_int=\count307
\l__fontspec_tmpa_dim=\dimen264
\l__fontspec_tmpb_dim=\dimen265
\l__fontspec_tmpc_dim=\dimen266
 (/usr/local/texlive/2023/texmf-dist/tex/latex/base/fontenc.sty
Package: fontenc 2021/04/29 v2.0v Standard LaTeX package
) (/usr/local/texlive/2023/texmf-dist/tex/latex/fontspec/fontspec.cfg))) (/usr/local/texlive/2023/texmf-dist/tex/xelatex/xecjk/xeCJK.cfg
File: xeCJK.cfg 2022/08/05 v3.9.1 Configuration file for xeCJK package
)) (/usr/local/texlive/2023/texmf-dist/tex/latex/polyglossia/polyglossia.sty
Package: polyglossia 2023/02/11 v1.60 Modern multilingual typesetting with XeLaTeX and LuaLaTeX
 (/usr/local/texlive/2023/texmf-dist/tex/latex/etoolbox/etoolbox.sty
Package: etoolbox 2020/10/05 v2.5k e-TeX tools for LaTeX (JAW)
\etb@tempcnta=\count308
) (/usr/local/texlive/2023/texmf-dist/tex/latex/makecmds/makecmds.sty
Package: makecmds 2009/09/03 v1.0a extra command making commands
)
\xpg@normalclass=\XeTeXcharclass9
 (/usr/local/texlive/2023/texmf-dist/tex/latex/polyglossia/gloss-latex.lde
Package: gloss-latex 2023/02/11 vv1.60 polyglossia: module for default language
The property list \polyglossia@langsetup contains the pairs (without outer
braces):
>  {latex/script}  =>  {latin}
>  {latex/lcscript}  =>  {latin}
>  {latex/scripttag}  =>  {}
>  {latex/language}  =>  {Latex}
>  {latex/langtag}  =>  {ENG}
>  {latex/bcp47}  =>  {}
>  {latex/hyphennames}  =>  {english}
>  {latex/direction}  =>  {LR}
>  {latex/hyphenmins}  =>  {2,3}
>  {latex/frenchspacing}  =>  {false}
>  {latex/indentfirst}  =>  {false}
>  {latex/fontsetup}  =>  {true}
>  {latex/envname}  =>  {latex}
>  {latex/babelname}  =>  {latex}
>  {latex/localnumeral}  =>  {polyglossia@C@localnumeral}
>  {latex/Localnumeral}  =>  {polyglossia@C@localnumeral}
>  {latex/DefineCommandsCmd}  =>  {use_none:n}.
)
Package polyglossia Info: Default language is latex.
) (/usr/local/texlive/2023/texmf-dist/tex/latex/setspace/setspace.sty
Package: setspace 2022/12/04 v6.7b set line spacing
)

Package xeCJK Warning: Fandol is being set as the default font for CJK text.
(xeCJK)                Please make sure it has been properly installed.


Package fontspec Warning: Font "FandolSong-Regular" does not contain requested
(fontspec)                Script "CJK".


Package fontspec Info: Font family 'FandolSong-Regular(0)' created for font
(fontspec)             'FandolSong-Regular' with options
(fontspec)             [Script={CJK},Extension={.otf},BoldFont={FandolSong-Bold},ItalicFont={FandolKai-Regular}].
(fontspec)              
(fontspec)              This font family consists of the following NFSS
(fontspec)             series/shapes:
(fontspec)              
(fontspec)             - 'normal' (m/n) with NFSS spec.:
(fontspec)             <->"[FandolSong-Regular.otf]/OT:language=dflt;"
(fontspec)             - 'small caps'  (m/sc) with NFSS spec.: 
(fontspec)             - 'bold' (b/n) with NFSS spec.:
(fontspec)             <->"[FandolSong-Bold.otf]/OT:language=dflt;"
(fontspec)             - 'bold small caps'  (b/sc) with NFSS spec.: 
(fontspec)             - 'italic' (m/it) with NFSS spec.:
(fontspec)             <->"[FandolKai-Regular.otf]/OT:language=dflt;"
(fontspec)             - 'italic small caps'  (m/scit) with NFSS spec.: 

(./circle.aux
LaTeX Info: Redefining \rmfamily on input line 4.
LaTeX Info: Redefining \sffamily on input line 4.
LaTeX Info: Redefining \ttfamily on input line 4.
)
\openout1 = `circle.aux'.

LaTeX Font Info:    Checking defaults for OML/cmm/m/it on input line 25.
LaTeX Font Info:    ... okay on input line 25.
LaTeX Font Info:    Checking defaults for OMS/cmsy/m/n on input line 25.
LaTeX Font Info:    ... okay on input line 25.
LaTeX Font Info:    Checking defaults for OT1/cmr/m/n on input line 25.
LaTeX Font Info:    ... okay on input line 25.
LaTeX Font Info:    Checking defaults for T1/cmr/m/n on input line 25.
LaTeX Font Info:    ... okay on input line 25.
LaTeX Font Info:    Checking defaults for TS1/cmr/m/n on input line 25.
LaTeX Font Info:    Trying to load font information for TS1+cmr on input line 25.
 (/usr/local/texlive/2023/texmf-dist/tex/latex/base/ts1cmr.fd
File: ts1cmr.fd 2022/07/10 v2.5l Standard LaTeX font definitions
)
LaTeX Font Info:    ... okay on input line 25.
LaTeX Font Info:    Checking defaults for TU/lmr/m/n on input line 25.
LaTeX Font Info:    ... okay on input line 25.
LaTeX Font Info:    Checking defaults for OMX/cmex/m/n on input line 25.
LaTeX Font Info:    ... okay on input line 25.
LaTeX Font Info:    Checking defaults for U/cmr/m/n on input line 25.
LaTeX Font Info:    ... okay on input line 25.

*geometry* driver: auto-detecting
*geometry* detected driver: xetex
*geometry* verbose mode - [ preamble ] result:
* driver: xetex
* paper: a4paper
* layout: <same size as paper>
* layoutoffset:(h,v)=(0.0pt,0.0pt)
* modes: 
* h-part:(L,W,R)=(72.26999pt, 452.9679pt, 72.26999pt)
* v-part:(T,H,B)=(72.26999pt, 700.50687pt, 72.26999pt)
* \paperwidth=597.50787pt
* \paperheight=845.04684pt
* \textwidth=452.9679pt
* \textheight=700.50687pt
* \oddsidemargin=0.0pt
* \evensidemargin=0.0pt
* \topmargin=-37.0pt
* \headheight=12.0pt
* \headsep=25.0pt
* \topskip=10.0pt
* \footskip=30.0pt
* \marginparwidth=65.0pt
* \marginparsep=11.0pt
* \columnsep=10.0pt
* \skip\footins=9.0pt plus 4.0pt minus 2.0pt
* \hoffset=0.0pt
* \voffset=0.0pt
* \mag=1000
* \@twocolumnfalse
* \@twosidefalse
* \@mparswitchfalse
* \@reversemarginfalse
* (1in=72.27pt=25.4mm, 1cm=28.453pt)


Package chemgreek Info: Activating mapping `fontspec' on line 25.


Package fontspec Info: Adjusting the maths setup (use [no-math] to avoid
(fontspec)             this).

\symlegacymaths=\mathgroup7
LaTeX Font Info:    Overwriting symbol font `legacymaths' in version `bold'
(Font)                  OT1/cmr/m/n --> OT1/cmr/bx/n on input line 25.
LaTeX Font Info:    Redeclaring math accent \acute on input line 25.
LaTeX Font Info:    Redeclaring math accent \grave on input line 25.
LaTeX Font Info:    Redeclaring math accent \ddot on input line 25.
LaTeX Font Info:    Redeclaring math accent \tilde on input line 25.
LaTeX Font Info:    Redeclaring math accent \bar on input line 25.
LaTeX Font Info:    Redeclaring math accent \breve on input line 25.
LaTeX Font Info:    Redeclaring math accent \check on input line 25.
LaTeX Font Info:    Redeclaring math accent \hat on input line 25.
LaTeX Font Info:    Redeclaring math accent \dot on input line 25.
LaTeX Font Info:    Redeclaring math accent \mathring on input line 25.
LaTeX Font Info:    Redeclaring math symbol \Gamma on input line 25.
LaTeX Font Info:    Redeclaring math symbol \Delta on input line 25.
LaTeX Font Info:    Redeclaring math symbol \Theta on input line 25.
LaTeX Font Info:    Redeclaring math symbol \Lambda on input line 25.
LaTeX Font Info:    Redeclaring math symbol \Xi on input line 25.
LaTeX Font Info:    Redeclaring math symbol \Pi on input line 25.
LaTeX Font Info:    Redeclaring math symbol \Sigma on input line 25.
LaTeX Font Info:    Redeclaring math symbol \Upsilon on input line 25.
LaTeX Font Info:    Redeclaring math symbol \Phi on input line 25.
LaTeX Font Info:    Redeclaring math symbol \Psi on input line 25.
LaTeX Font Info:    Redeclaring math symbol \Omega on input line 25.
LaTeX Font Info:    Redeclaring math symbol \mathdollar on input line 25.
LaTeX Font Info:    Redeclaring symbol font `operators' on input line 25.
LaTeX Font Info:    Encoding `OT1' has changed to `TU' for symbol font
(Font)              `operators' in the math version `normal' on input line 25.
LaTeX Font Info:    Overwriting symbol font `operators' in version `normal'
(Font)                  OT1/cmr/m/n --> TU/lmr/m/n on input line 25.
LaTeX Font Info:    Encoding `OT1' has changed to `TU' for symbol font
(Font)              `operators' in the math version `bold' on input line 25.
LaTeX Font Info:    Overwriting symbol font `operators' in version `bold'
(Font)                  OT1/cmr/bx/n --> TU/lmr/m/n on input line 25.
LaTeX Font Info:    Overwriting symbol font `operators' in version `normal'
(Font)                  TU/lmr/m/n --> TU/lmr/m/n on input line 25.
LaTeX Font Info:    Overwriting math alphabet `\mathit' in version `normal'
(Font)                  OT1/cmr/m/it --> TU/lmr/m/it on input line 25.
LaTeX Font Info:    Overwriting math alphabet `\mathbf' in version `normal'
(Font)                  OT1/cmr/bx/n --> TU/lmr/b/n on input line 25.
LaTeX Font Info:    Overwriting math alphabet `\mathsf' in version `normal'
(Font)                  OT1/cmss/m/n --> TU/lmss/m/n on input line 25.
LaTeX Font Info:    Overwriting math alphabet `\mathtt' in version `normal'
(Font)                  OT1/cmtt/m/n --> TU/lmtt/m/n on input line 25.
LaTeX Font Info:    Overwriting symbol font `operators' in version `bold'
(Font)                  TU/lmr/m/n --> TU/lmr/b/n on input line 25.
LaTeX Font Info:    Overwriting math alphabet `\mathit' in version `bold'
(Font)                  OT1/cmr/bx/it --> TU/lmr/b/it on input line 25.
LaTeX Font Info:    Overwriting math alphabet `\mathsf' in version `bold'
(Font)                  OT1/cmss/bx/n --> TU/lmss/b/n on input line 25.
LaTeX Font Info:    Overwriting math alphabet `\mathtt' in version `bold'
(Font)                  OT1/cmtt/m/n --> TU/lmtt/b/n on input line 25.
The property list \__xpg_alias contains the pairs (without outer braces):
>  {latex/target}  =>  {latex}.
LaTeX Info: Redefining \rmfamily on input line 25.
LaTeX Info: Redefining \sffamily on input line 25.
LaTeX Info: Redefining \ttfamily on input line 25.
LaTeX Font Info:    Trying to load font information for U+msa on input line 29.
(/usr/local/texlive/2023/texmf-dist/tex/latex/amsfonts/umsa.fd
File: umsa.fd 2013/01/14 v3.01 AMS symbols A
)
LaTeX Font Info:    Trying to load font information for U+msb on input line 29.
 (/usr/local/texlive/2023/texmf-dist/tex/latex/amsfonts/umsb.fd
File: umsb.fd 2013/01/14 v3.01 AMS symbols B
)
LaTeX Font Info:    Trying to load font information for U+stmry on input line 29.
 (/usr/local/texlive/2023/texmf-dist/tex/latex/stmaryrd/Ustmry.fd) [1

] [2] [3]
Overfull \hbox (0.6861pt too wide) detected at line 193
[]
 []


Package xeCJK Warning: CJKfamily `FandolSong-Regular(0)' (FallBack) does not
(xeCJK)                contain glyph `徰' (U+5FB0) on line 195.

Missing character: There is no 徰 (U+5FB0) in font [FandolSong-Regular.otf]/OT:language=dflt;!

Package xeCJK Warning: CJKfamily `FandolSong-Regular(0)' (FallBack) does not
(xeCJK)                contain glyph `偍' (U+504D) on line 195.

Missing character: There is no 偍 (U+504D) in font [FandolSong-Regular.otf]/OT:language=dflt;!

Package xeCJK Warning: CJKfamily `FandolSong-Regular(0)' (FallBack) does not
(xeCJK)                contain glyph `盰' (U+76F0) on line 195.

Missing character: There is no 盰 (U+76F0) in font [FandolSong-Regular.otf]/OT:language=dflt;!
File: ./images//2024_06_07_f484519cd4dc635602b3g-02(1).jpg Graphic file (type bmp)
<./images//2024_06_07_f484519cd4dc635602b3g-02(1).jpg>

Package xeCJK Warning: CJKfamily `FandolSong-Regular(0)' (FallBack) does not
(xeCJK)                contain glyph `伇' (U+4F07) on line 205.

Missing character: There is no 伇 (U+4F07) in font [FandolSong-Bold.otf]/OT:language=dflt;!
[4]

Package xeCJK Warning: CJKfamily `FandolSong-Regular(0)' (FallBack) does not
(xeCJK)                contain glyph `罒' (U+7F52) on line 209.

Missing character: There is no 罒 (U+7F52) in font [FandolSong-Regular.otf]/OT:language=dflt;!
File: ./images//2024_06_07_f484519cd4dc635602b3g-02.jpg Graphic file (type bmp)
<./images//2024_06_07_f484519cd4dc635602b3g-02.jpg>
[5]

Package xeCJK Warning: CJKfamily `FandolSong-Regular(0)' (FallBack) does not
(xeCJK)                contain glyph `罒' (U+7F52) on line 287.

Missing character: There is no 罒 (U+7F52) in font [FandolSong-Regular.otf]/OT:language=dflt;!

Package xeCJK Warning: CJKfamily `FandolSong-Regular(0)' (FallBack) does not
(xeCJK)                contain glyph `栙' (U+6819) on line 287.

Missing character: There is no 栙 (U+6819) in font [FandolSong-Regular.otf]/OT:language=dflt;!

Package xeCJK Warning: CJKfamily `FandolSong-Regular(0)' (FallBack) does not
(xeCJK)                contain glyph `罒' (U+7F52) on line 287.

Missing character: There is no 罒 (U+7F52) in font [FandolSong-Regular.otf]/OT:language=dflt;!
[6]

Package xeCJK Warning: CJKfamily `FandolSong-Regular(0)' (FallBack) does not
(xeCJK)                contain glyph `䧈' (U+49C8) on line 375.

Missing character: There is no 䧈 (U+49C8) in font [FandolSong-Regular.otf]/OT:language=dflt;!

Package xeCJK Warning: CJKfamily `FandolSong-Regular(0)' (FallBack) does not
(xeCJK)                contain glyph `豊' (U+8C4A) on line 380.

Missing character: There is no 豊 (U+8C4A) in font [FandolSong-Regular.otf]/OT:language=dflt;!

Package xeCJK Warning: CJKfamily `FandolSong-Regular(0)' (FallBack) does not
(xeCJK)                contain glyph `庢' (U+5EA2) on line 399.

Missing character: There is no 庢 (U+5EA2) in font [FandolSong-Regular.otf]/OT:language=dflt;!
File: ./images//2024_06_07_f484519cd4dc635602b3g-04.jpg Graphic file (type bmp)
<./images//2024_06_07_f484519cd4dc635602b3g-04.jpg>
[7]

Package xeCJK Warning: CJKfamily `FandolSong-Regular(0)' (FallBack) does not
(xeCJK)                contain glyph `㓳' (U+34F3) on line 431.

Missing character: There is no 㓳 (U+34F3) in font [FandolSong-Regular.otf]/OT:language=dflt;!

Package xeCJK Warning: CJKfamily `FandolSong-Regular(0)' (FallBack) does not
(xeCJK)                contain glyph `䞨' (U+47A8) on line 439.

Missing character: There is no 䞨 (U+47A8) in font [FandolSong-Regular.otf]/OT:language=dflt;!

Package xeCJK Warning: CJKfamily `FandolSong-Regular(0)' (FallBack) does not
(xeCJK)                contain glyph `軖' (U+8ED6) on line 442.

Missing character: There is no 軖 (U+8ED6) in font [FandolSong-Regular.otf]/OT:language=dflt;!
[8] [9]

Package xeCJK Warning: CJKfamily `FandolSong-Regular(0)' (FallBack) does not
(xeCJK)                contain glyph `搆' (U+6406) on line 538.

Missing character: There is no 搆 (U+6406) in font [FandolSong-Regular.otf]/OT:language=dflt;!

Package xeCJK Warning: CJKfamily `FandolSong-Regular(0)' (FallBack) does not
(xeCJK)                contain glyph `迡' (U+8FE1) on line 570.

Missing character: There is no 迡 (U+8FE1) in font [FandolSong-Regular.otf]/OT:language=dflt;!
[10]

Package xeCJK Warning: CJKfamily `FandolSong-Regular(0)' (FallBack) does not
(xeCJK)                contain glyph `罣' (U+7F63) on line 624.

Missing character: There is no 罣 (U+7F63) in font [FandolSong-Regular.otf]/OT:language=dflt;!

Package xeCJK Warning: CJKfamily `FandolSong-Regular(0)' (FallBack) does not
(xeCJK)                contain glyph `処' (U+51E6) on line 628.

Missing character: There is no 処 (U+51E6) in font [FandolSong-Regular.otf]/OT:language=dflt;!

Package xeCJK Warning: CJKfamily `FandolSong-Regular(0)' (FallBack) does not
(xeCJK)                contain glyph `䙵' (U+4675) on line 632.

Missing character: There is no 䙵 (U+4675) in font [FandolSong-Regular.otf]/OT:language=dflt;!
[11]

Package xeCJK Warning: CJKfamily `FandolSong-Regular(0)' (FallBack) does not
(xeCJK)                contain glyph `䁌' (U+404C) on line 691.

Missing character: There is no 䁌 (U+404C) in font [FandolSong-Regular.otf]/OT:language=dflt;!

Package xeCJK Warning: CJKfamily `FandolSong-Regular(0)' (FallBack) does not
(xeCJK)                contain glyph `廼' (U+5EFC) on line 696.

Missing character: There is no 廼 (U+5EFC) in font [FandolSong-Regular.otf]/OT:language=dflt;!

Package xeCJK Warning: CJKfamily `FandolSong-Regular(0)' (FallBack) does not
(xeCJK)                contain glyph `輀' (U+8F00) on line 707.

Missing character: There is no 輀 (U+8F00) in font [FandolSong-Regular.otf]/OT:language=dflt;!
[12]

Package xeCJK Warning: CJKfamily `FandolSong-Regular(0)' (FallBack) does not
(xeCJK)                contain glyph `傎' (U+508E) on line 770.

Missing character: There is no 傎 (U+508E) in font [FandolSong-Regular.otf]/OT:language=dflt;!
[13]

Package xeCJK Warning: CJKfamily `FandolSong-Regular(0)' (FallBack) does not
(xeCJK)                contain glyph `罒' (U+7F52) on line 843.

Missing character: There is no 罒 (U+7F52) in font [FandolSong-Regular.otf]/OT:language=dflt;!

Package xeCJK Warning: CJKfamily `FandolSong-Regular(0)' (FallBack) does not
(xeCJK)                contain glyph `䛖' (U+46D6) on line 843.

Missing character: There is no 䛖 (U+46D6) in font [FandolSong-Regular.otf]/OT:language=dflt;!

Package xeCJK Warning: CJKfamily `FandolSong-Regular(0)' (FallBack) does not
(xeCJK)                contain glyph `恠' (U+6060) on line 843.

Missing character: There is no 恠 (U+6060) in font [FandolSong-Regular.otf]/OT:language=dflt;!

Package xeCJK Warning: CJKfamily `FandolSong-Regular(0)' (FallBack) does not
(xeCJK)                contain glyph `㱐' (U+3C50) on line 843.

Missing character: There is no 㱐 (U+3C50) in font [FandolSong-Regular.otf]/OT:language=dflt;!
The property list \polyglossia@langsetup contains the pairs (without outer
braces):
>  {latex/script}  =>  {latin}
>  {latex/lcscript}  =>  {latin}
>  {latex/scripttag}  =>  {}
>  {latex/language}  =>  {Latex}
>  {latex/langtag}  =>  {ENG}
>  {latex/bcp47}  =>  {}
>  {latex/hyphennames}  =>  {english}
>  {latex/direction}  =>  {LR}
>  {latex/hyphenmins}  =>  {2,3}
>  {latex/frenchspacing}  =>  {false}
>  {latex/indentfirst}  =>  {false}
>  {latex/fontsetup}  =>  {true}
>  {latex/envname}  =>  {latex}
>  {latex/babelname}  =>  {latex}
>  {latex/localnumeral}  =>  {polyglossia@C@localnumeral}
>  {latex/Localnumeral}  =>  {polyglossia@C@localnumeral}
>  {latex/DefineCommandsCmd}  =>  {use_none:n}.
The property list \__xpg_alias contains the pairs (without outer braces):
>  {latex/target}  =>  {latex}.
[14] (./circle.aux
LaTeX Info: Redefining \rmfamily on input line 4.
LaTeX Info: Redefining \sffamily on input line 4.
LaTeX Info: Redefining \ttfamily on input line 4.
) ) 
Here is how much of TeX's memory you used:
 10563 strings out of 476683
 259113 string characters out of 5804047
 1862018 words of memory out of 5000000
 30668 multiletter control sequences out of 15000+600000
 515284 words of font info for 61 fonts, out of 8000000 for 9000
 1348 hyphenation exceptions out of 8191
 70i,11n,81p,418b,258s stack positions out of 10000i,1000n,20000p,200000b,200000s

Output written on circle.xdv (14 pages, 84068 bytes).
